mode: set
Bank-INA/application/tasks/repository/mysql/tasks_repository.go:14.55,18.2 1 1
Bank-INA/application/tasks/repository/mysql/tasks_repository.go:20.82,23.20 2 1
Bank-INA/application/tasks/repository/mysql/tasks_repository.go:23.20,25.3 1 1
Bank-INA/application/tasks/repository/mysql/tasks_repository.go:27.2,27.8 1 1
Bank-INA/application/tasks/repository/mysql/tasks_repository.go:30.83,33.20 2 1
Bank-INA/application/tasks/repository/mysql/tasks_repository.go:33.20,35.3 1 0
Bank-INA/application/tasks/repository/mysql/tasks_repository.go:37.2,37.8 1 1
Bank-INA/application/tasks/repository/mysql/tasks_repository.go:40.88,43.20 2 1
Bank-INA/application/tasks/repository/mysql/tasks_repository.go:43.20,45.3 1 1
Bank-INA/application/tasks/repository/mysql/tasks_repository.go:47.2,47.8 1 1
Bank-INA/application/tasks/repository/mysql/tasks_repository.go:50.102,52.20 2 1
Bank-INA/application/tasks/repository/mysql/tasks_repository.go:52.20,54.3 1 0
Bank-INA/application/tasks/repository/mysql/tasks_repository.go:55.2,55.8 1 1
Bank-INA/application/tasks/repository/mysql/tasks_repository.go:58.70,61.20 2 1
Bank-INA/application/tasks/repository/mysql/tasks_repository.go:61.20,63.3 1 0
Bank-INA/application/tasks/repository/mysql/tasks_repository.go:65.2,65.8 1 1
